	#-----------------------------------------------------#
	|         COMPILERS - ALGONQUIN COLLEGE (W24)         |
	#_____________________________________________________#
	|                     .@@@@=                          |
	|                  %*#.    -% +-                      |
	|            -.-@%+        .%.   .#.                  |
	|                         #         *                 |
	|                       :.           :+               |
	|                       -             -.              |
	|                      @               *              |
	|                      =               -              |
	|                     .                .+             |
	|                     *#-              .#             |
	|                   +    ::          +-   @           |
	|                   %     #         +.    .=          |
	|                   +                     -           |
	|                    -=                  +            |
	|                       #             #               |
	|                        #           +                |
	|                           @#   %@ :-                |
	|                         +         +                 |
	|                          #       +                  |
	|                           =:   --                   |
	|                             =@+                     |
	|                                                     |
	|/$$$$$$/$$$$   /$$$$$$  /$$   /$$  /$$$$$$$  /$$$$$$ |
	| $$_  $$_  $$ /$$__  $$| $$  | $$ /$$_____/ /$$__  $$|
	| $$ \ $$ \ $$| $$  \ $$| $$  | $$|  $$$$$$ | $$$$$$$$|
	| $$ | $$ | $$| $$  | $$| $$  | $$ \____  $$| $$_____/|
	| $$ | $$ | $$|  $$$$$$/|  $$$$$$/ /$$$$$$$/|  $$$$$$$|
	|__/_|__/_|__/_\______/__\______/_|_______/__\_______/|

[Option 's': Starting SCANNER ....]

[Debug mode: 0]
Reading file INPUT0_Empty.mse ....Please wait

Scanning source file...

Token		Attribute
----------------------------------
SEOF_T		0	

Printing string table...
----------------------------------

----------------------------------
Statistics:
----------------------------------
Token[SEOF_T]=1
----------------------------------
