	#-----------------------------------------------------#
	|         COMPILERS - ALGONQUIN COLLEGE (W24)         |
	#_____________________________________________________#
	|                     .@@@@=                          |
	|                  %*#.    -% +-                      |
	|            -.-@%+        .%.   .#.                  |
	|                         #         *                 |
	|                       :.           :+               |
	|                       -             -.              |
	|                      @               *              |
	|                      =               -              |
	|                     .                .+             |
	|                     *#-              .#             |
	|                   +    ::          +-   @           |
	|                   %     #         +.    .=          |
	|                   +                     -           |
	|                    -=                  +            |
	|                       #             #               |
	|                        #           +                |
	|                           @#   %@ :-                |
	|                         +         +                 |
	|                          #       +                  |
	|                           =:   --                   |
	|                             =@+                     |
	|                                                     |
	|/$$$$$$/$$$$   /$$$$$$  /$$   /$$  /$$$$$$$  /$$$$$$ |
	| $$_  $$_  $$ /$$__  $$| $$  | $$ /$$_____/ /$$__  $$|
	| $$  $$  $$| $$   $$| $$  | $$|  $$$$$$ | $$$$$$$$|
	| $$ | $$ | $$| $$  | $$| $$  | $$ ____  $$| $$_____/|
	| $$ | $$ | $$|  $$$$$$/|  $$$$$$/ /$$$$$$$/|  $$$$$$$|
	|__/_|__/_|__/_______/________/_|_______/_________/|

[Option 'r': Starting READER .....]

Reading file INPUT4_Menu.mse ....Please wait
The input file INPUT4_Menu.mse has not been completely loaded.
Current size of buffer: 250.
Last character read from the input file is: ' 39
Input file size: 790

Printing buffer parameters:

The capacity of the buffer is:  250
The current size of the buffer is:  250
The operational mode of the buffer is: f
The increment factor of the buffer is:  10
The first symbol in the buffer is:  #
The value of the flags field is: 00
Reader statistics : 
[
]=8
[ ]=58
["]=8
[#]=2
[']=2
[(]=6
[)]=5
[-]=6
[.]=3
[1]=2
[2]=2
[3]=2
[:]=1
[D]=1
[E]=2
[M]=2
[N]=1
[O]=4
[P]=1
[T]=1
[U]=1
[_]=1
[a]=5
[c]=4
[d]=4
[e]=12
[f]=1
[g]=2
[h]=3
[i]=11
[l]=4
[m]=3
[n]=15
[o]=11
[p]=10
[r]=16
[s]=3
[t]=13
[u]=4
[w]=1
[x]=1
[y]=2
[|]=6
Number of errors: 0

Printing buffer contents:

# The program is "lexically" correct and should not generate any error 

# Procedure to show menu
def print_menu():
    print('--- MENU DEMO ---')
    print("| 1. Option 1   |")
    print("| 2. Option 2   |")
    print("| 3. Option 3   |")
    print(